Flow report for outCPLD
Sat Sep 18 22:29:38 2021
Quartus Prime Version 20.1.0 Build 711 06/05/2020 SJ Lite Edition


---------------------
; Table of Contents ;
---------------------
  1. Legal Notice
  2. Flow Summary
  3. Flow Settings
  4. Flow Non-Default Global Settings
  5. Flow Elapsed Time
  6. Flow OS Summary
  7. Flow Log
  8. Flow Messages
  9. Flow Suppressed Messages



----------------
; Legal Notice ;
----------------
Copyright (C) 2020  Intel Corporation. All rights reserved.
Your use of Intel Corporation's design tools, logic functions 
and other software and tools, and any partner logic 
functions, and any output files from any of the foregoing 
(including device programming or simulation files), and any 
associated documentation or information are expressly subject 
to the terms and conditions of the Intel Program License 
Subscription Agreement, the Intel Quartus Prime License Agreement,
the Intel FPGA IP License Agreement, or other applicable license
agreement, including, without limitation, that your use is for
the sole purpose of programming logic devices manufactured by
Intel and sold by Intel or its authorized distributors.  Please
refer to the applicable agreement for further details, at
https://fpgasoftware.intel.com/eula.



+---------------------------------------------------------------------+
; Flow Summary                                                        ;
+-----------------------+---------------------------------------------+
; Flow Status           ; Successful - Sat Sep 18 22:29:38 2021       ;
; Quartus Prime Version ; 20.1.0 Build 711 06/05/2020 SJ Lite Edition ;
; Revision Name         ; outCPLD                                     ;
; Top-level Entity Name ; outCPLD                                     ;
; Family                ; MAX II                                      ;
; Device                ; EPM570T100C5                                ;
; Timing Models         ; Final                                       ;
; Total logic elements  ; 382 / 570 ( 67 % )                          ;
; Total pins            ; 73 / 76 ( 96 % )                            ;
; Total virtual pins    ; 0                                           ;
; UFM blocks            ; 0 / 1 ( 0 % )                               ;
+-----------------------+---------------------------------------------+


+-----------------------------------------+
; Flow Settings                           ;
+-------------------+---------------------+
; Option            ; Setting             ;
+-------------------+---------------------+
; Start date & time ; 09/18/2021 22:29:18 ;
; Main task         ; Compilation         ;
; Revision Name     ; outCPLD             ;
+-------------------+---------------------+


+-----------------------------------------------------------------------------------------------------------------------+
; Flow Non-Default Global Settings                                                                                      ;
+---------------------------------------+--------------------------------+---------------+-------------+----------------+
; Assignment Name                       ; Value                          ; Default Value ; Entity Name ; Section Id     ;
+---------------------------------------+--------------------------------+---------------+-------------+----------------+
; COMPILER_SIGNATURE_ID                 ; 53132166475433.163201855807425 ; --            ; --          ; --             ;
; EDA_DESIGN_INSTANCE_NAME              ; NA                             ; --            ; --          ; outCPLD_tb     ;
; EDA_NATIVELINK_SIMULATION_TEST_BENCH  ; outCPLD_tb                     ; --            ; --          ; eda_simulation ;
; EDA_OUTPUT_DATA_FORMAT                ; Verilog Hdl                    ; --            ; --          ; eda_simulation ;
; EDA_SIMULATION_TOOL                   ; ModelSim-Altera (Verilog)      ; <None>        ; --          ; --             ;
; EDA_TEST_BENCH_ENABLE_STATUS          ; TEST_BENCH_MODE                ; --            ; --          ; eda_simulation ;
; EDA_TEST_BENCH_FILE                   ; outCPLD_tb.sv                  ; --            ; --          ; outCPLD_tb     ;
; EDA_TEST_BENCH_MODULE_NAME            ; outCPLD_tb                     ; --            ; --          ; outCPLD_tb     ;
; EDA_TEST_BENCH_NAME                   ; outCPLD_tb                     ; --            ; --          ; eda_simulation ;
; EDA_TIME_SCALE                        ; 1 ps                           ; --            ; --          ; eda_simulation ;
; MAX_CORE_JUNCTION_TEMP                ; 85                             ; --            ; --          ; --             ;
; MIN_CORE_JUNCTION_TEMP                ; 0                              ; --            ; --          ; --             ;
; NUM_PARALLEL_PROCESSORS               ; All                            ; --            ; --          ; --             ;
; POWER_EXT_SUPPLY_VOLTAGE_TO_REGULATOR ; 3.3V                           ; --            ; --          ; --             ;
; POWER_PRESET_COOLING_SOLUTION         ; No Heat Sink With Still Air    ; --            ; --          ; --             ;
; PROJECT_OUTPUT_DIRECTORY              ; output_files                   ; --            ; --          ; --             ;
+---------------------------------------+--------------------------------+---------------+-------------+----------------+


+--------------------------------------------------------------------------------------------------------------------------+
; Flow Elapsed Time                                                                                                        ;
+----------------------+--------------+-------------------------+---------------------+------------------------------------+
; Module Name          ; Elapsed Time ; Average Processors Used ; Peak Virtual Memory ; Total CPU Time (on all processors) ;
+----------------------+--------------+-------------------------+---------------------+------------------------------------+
; Analysis & Synthesis ; 00:00:11     ; 1.0                     ; 371 MB              ; 00:00:25                           ;
; Fitter               ; 00:00:02     ; 1.0                     ; 563 MB              ; 00:00:02                           ;
; Assembler            ; 00:00:00     ; 1.0                     ; 352 MB              ; 00:00:01                           ;
; Timing Analyzer      ; 00:00:01     ; 1.0                     ; 355 MB              ; 00:00:01                           ;
; EDA Netlist Writer   ; 00:00:01     ; 1.0                     ; 607 MB              ; 00:00:01                           ;
; Total                ; 00:00:15     ; --                      ; --                  ; 00:00:30                           ;
+----------------------+--------------+-------------------------+---------------------+------------------------------------+


+----------------------------------------------------------------------------------------+
; Flow OS Summary                                                                        ;
+----------------------+------------------+----------------+------------+----------------+
; Module Name          ; Machine Hostname ; OS Name        ; OS Version ; Processor type ;
+----------------------+------------------+----------------+------------+----------------+
; Analysis & Synthesis ; ite              ; Ubuntu 18.04.5 ; 18         ; x86_64         ;
; Fitter               ; ite              ; Ubuntu 18.04.5 ; 18         ; x86_64         ;
; Assembler            ; ite              ; Ubuntu 18.04.5 ; 18         ; x86_64         ;
; Timing Analyzer      ; ite              ; Ubuntu 18.04.5 ; 18         ; x86_64         ;
; EDA Netlist Writer   ; ite              ; Ubuntu 18.04.5 ; 18         ; x86_64         ;
+----------------------+------------------+----------------+------------+----------------+


------------
; Flow Log ;
------------
quartus_map --read_settings_files=on --write_settings_files=off outCPLD -c outCPLD
quartus_fit --read_settings_files=off --write_settings_files=off outCPLD -c outCPLD
quartus_asm --read_settings_files=off --write_settings_files=off outCPLD -c outCPLD
quartus_sta outCPLD -c outCPLD
quartus_eda --read_settings_files=off --write_settings_files=off outCPLD -c outCPLD



